TN:
SF:src\server.ts
FN:17,(anonymous_1)
FN:18,(anonymous_2)
FN:25,(anonymous_3)
FN:26,(anonymous_4)
FN:32,(anonymous_5)
FN:35,(anonymous_6)
FNF:6
FNH:4
FNDA:0,(anonymous_1)
FNDA:2,(anonymous_2)
FNDA:2,(anonymous_3)
FNDA:2,(anonymous_4)
FNDA:2,(anonymous_5)
FNDA:0,(anonymous_6)
DA:1,2
DA:3,2
DA:4,2
DA:5,2
DA:6,2
DA:7,2
DA:8,2
DA:10,2
DA:12,2
DA:13,2
DA:14,2
DA:16,2
DA:17,2
DA:18,2
DA:21,2
DA:22,2
DA:23,2
DA:25,2
DA:26,2
DA:27,2
DA:28,0
DA:30,2
DA:33,2
DA:36,0
DA:42,2
LF:25
LH:23
BRDA:27,0,0,0
BRDA:27,0,1,2
BRF:2
BRH:1
end_of_record
TN:
SF:src\controllers\authController.ts
FN:12,(anonymous_8)
FN:12,(anonymous_9)
FN:27,(anonymous_10)
FN:27,(anonymous_11)
FN:70,(anonymous_12)
FN:70,(anonymous_13)
FN:80,(anonymous_14)
FN:109,(anonymous_15)
FN:110,(anonymous_16)
FN:122,(anonymous_17)
FN:122,(anonymous_18)
FN:145,(anonymous_19)
FN:159,(anonymous_20)
FN:159,(anonymous_21)
FNF:14
FNH:5
FNDA:2,(anonymous_8)
FNDA:2,(anonymous_9)
FNDA:2,(anonymous_10)
FNDA:2,(anonymous_11)
FNDA:0,(anonymous_12)
FNDA:0,(anonymous_13)
FNDA:2,(anonymous_14)
FNDA:0,(anonymous_15)
FNDA:0,(anonymous_16)
FNDA:0,(anonymous_17)
FNDA:0,(anonymous_18)
FNDA:0,(anonymous_19)
FNDA:0,(anonymous_20)
FNDA:0,(anonymous_21)
DA:2,2
DA:3,2
DA:4,2
DA:12,2
DA:13,2
DA:14,2
DA:15,2
DA:16,2
DA:17,2
DA:21,2
DA:23,0
DA:27,2
DA:28,2
DA:29,2
DA:31,2
DA:32,0
DA:34,2
DA:35,2
DA:36,2
DA:37,0
DA:38,0
DA:40,2
DA:44,2
DA:45,0
DA:46,0
DA:48,2
DA:49,2
DA:50,2
DA:51,0
DA:52,0
DA:54,2
DA:55,0
DA:57,2
DA:59,2
DA:60,2
DA:66,0
DA:70,2
DA:71,0
DA:72,0
DA:73,0
DA:74,0
DA:76,0
DA:80,2
DA:81,2
DA:82,0
DA:85,2
DA:86,2
DA:95,2
DA:103,2
DA:109,2
DA:110,0
DA:111,0
DA:112,0
DA:113,0
DA:115,0
DA:116,0
DA:117,0
DA:119,0
DA:122,0
DA:123,0
DA:124,0
DA:125,0
DA:128,0
DA:129,0
DA:130,0
DA:131,0
DA:132,0
DA:133,0
DA:135,0
DA:139,0
DA:140,0
DA:141,0
DA:142,0
DA:144,0
DA:145,0
DA:147,0
DA:149,0
DA:151,0
DA:152,0
DA:159,2
DA:160,0
DA:161,0
DA:162,0
DA:163,0
DA:164,0
DA:167,0
DA:169,0
DA:171,0
DA:172,0
DA:173,0
DA:175,0
DA:176,0
DA:178,0
DA:179,0
DA:180,0
DA:186,0
DA:190,2
LF:97
LH:36
BRDA:31,0,0,0
BRDA:31,1,0,2
BRDA:31,1,1,2
BRDA:36,2,0,0
BRDA:44,3,0,0
BRDA:50,4,0,0
BRDA:54,5,0,0
BRDA:81,6,0,0
BRDA:111,7,0,0
BRDA:115,8,0,0
BRDA:123,9,0,0
BRDA:131,10,0,0
BRDA:135,11,0,0
BRDA:136,12,0,0
BRDA:136,12,1,0
BRDA:162,13,0,0
BRDA:167,14,0,0
BRDA:171,15,0,0
BRDA:175,16,0,0
BRF:19
BRH:2
end_of_record
TN:
SF:src\controllers\baseController.ts
FN:6,(anonymous_7)
FN:10,(anonymous_8)
FN:25,(anonymous_10)
FN:40,(anonymous_12)
FN:50,(anonymous_14)
FNF:5
FNH:5
FNDA:4,(anonymous_7)
FNDA:6,(anonymous_8)
FNDA:4,(anonymous_10)
FNDA:11,(anonymous_12)
FNDA:1,(anonymous_14)
DA:7,4
DA:11,6
DA:12,6
DA:13,6
DA:14,2
DA:15,2
DA:17,4
DA:18,4
DA:21,0
DA:26,4
DA:28,4
DA:29,4
DA:30,4
DA:31,3
DA:33,1
DA:36,0
DA:41,11
DA:42,11
DA:43,11
DA:44,6
DA:46,5
DA:51,1
DA:52,1
DA:53,1
DA:54,1
DA:56,0
DA:61,2
LF:27
LH:24
BRDA:13,0,0,2
BRDA:13,0,1,4
BRDA:30,1,0,3
BRDA:30,1,1,1
BRF:4
BRH:4
end_of_record
TN:
SF:src\controllers\commentsController.ts
FN:7,(anonymous_8)
FN:11,(anonymous_9)
FNF:2
FNH:2
FNDA:2,(anonymous_8)
FNDA:2,(anonymous_9)
DA:1,2
DA:3,2
DA:4,2
DA:8,2
DA:12,2
DA:13,2
DA:15,2
DA:17,2
DA:18,0
DA:19,0
DA:22,2
DA:26,2
DA:27,2
DA:30,2
LF:14
LH:12
BRDA:17,0,0,0
BRF:1
BRH:0
end_of_record
TN:
SF:src\controllers\postsController.ts
FN:6,(anonymous_8)
FN:10,(anonymous_9)
FNF:2
FNH:2
FNDA:2,(anonymous_8)
FNDA:9,(anonymous_9)
DA:1,2
DA:2,2
DA:7,2
DA:11,9
DA:12,9
DA:16,9
DA:17,9
DA:21,2
LF:8
LH:8
BRF:0
BRH:0
end_of_record
TN:
SF:src\middlewares\authMiddleware.ts
FN:4,(anonymous_1)
FN:21,(anonymous_2)
FNF:2
FNH:2
FNDA:12,(anonymous_1)
FNDA:12,(anonymous_2)
DA:2,2
DA:4,2
DA:9,12
DA:10,12
DA:12,12
DA:13,0
DA:15,12
DA:16,0
DA:17,0
DA:18,0
DA:21,12
DA:22,12
DA:23,0
DA:24,0
DA:26,12
DA:27,12
LF:16
LH:10
BRDA:10,0,0,12
BRDA:10,0,1,12
BRDA:12,1,0,0
BRDA:15,2,0,0
BRDA:22,3,0,0
BRF:5
BRH:2
end_of_record
TN:
SF:src\models\commentModel.ts
FNF:0
FNH:0
DA:1,2
DA:8,2
DA:25,2
DA:27,2
LF:4
LH:4
BRF:0
BRH:0
end_of_record
TN:
SF:src\models\postsModel.ts
FNF:0
FNH:0
DA:1,2
DA:9,2
DA:22,2
DA:24,2
LF:4
LH:4
BRF:0
BRH:0
end_of_record
TN:
SF:src\models\userModel.ts
FNF:0
FNH:0
DA:1,2
DA:10,2
DA:25,2
LF:3
LH:3
BRF:0
BRH:0
end_of_record
TN:
SF:src\routes\authRoute.ts
FNF:0
FNH:0
DA:1,2
DA:2,2
DA:4,2
DA:6,2
DA:8,2
DA:10,2
DA:12,2
DA:14,2
LF:8
LH:8
BRF:0
BRH:0
end_of_record
TN:
SF:src\routes\commentsRoute.ts
FN:7,(anonymous_1)
FN:11,(anonymous_2)
FN:15,(anonymous_3)
FN:19,(anonymous_4)
FNF:4
FNH:3
FNDA:2,(anonymous_1)
FNDA:1,(anonymous_2)
FNDA:2,(anonymous_3)
FNDA:0,(anonymous_4)
DA:1,2
DA:2,2
DA:3,2
DA:5,2
DA:7,2
DA:8,2
DA:11,2
DA:12,1
DA:15,2
DA:16,2
DA:19,2
DA:20,0
DA:23,2
LF:13
LH:12
BRF:0
BRH:0
end_of_record
TN:
SF:src\routes\postsRoute.ts
FN:7,(anonymous_1)
FN:11,(anonymous_2)
FN:15,(anonymous_3)
FN:19,(anonymous_4)
FNF:4
FNH:4
FNDA:4,(anonymous_1)
FNDA:3,(anonymous_2)
FNDA:9,(anonymous_3)
FNDA:1,(anonymous_4)
DA:1,2
DA:2,2
DA:3,2
DA:5,2
DA:7,2
DA:8,4
DA:11,2
DA:12,3
DA:15,2
DA:16,9
DA:19,2
DA:20,1
DA:23,2
LF:13
LH:13
BRF:0
BRH:0
end_of_record
